<?xml version="1.0" encoding="UTF-8" ?>
<testsuites name="vitest tests" tests="1" failures="0" errors="0" time="0.016540692">
    <testsuite name="src/components/__tests__/PasswordInput.test.jsx" timestamp="2025-07-16T20:57:23.415Z" hostname="tony" tests="1" failures="0" errors="0" skipped="0" time="0.016540692">
        <testcase classname="src/components/__tests__/PasswordInput.test.jsx" name="calls handleChange on input change" time="0.015778873">
            <system-out>
Entering password...

            </system-out>
        </testcase>
    </testsuite>
</testsuites>
